[07.03.2022 20:11:01] Игрок: Olga Счет: 0
[07.03.2022 20:11:01] Игрок: Anna Счет: 1
[07.03.2022 21:20:47] Игрок: Sergey Счет: 0
[07.03.2022 21:20:47] Игрок: Anna Счет: 1
[07.03.2022 21:21:16] Игрок: Sergey Счет: 1
[07.03.2022 21:21:16] Игрок: Anna Счет: 1
[07.03.2022 21:21:54] Игрок: Sergey Счет: 1
[07.03.2022 21:21:54] Игрок: Anna Счет: 2
[14.03.2022 12:48:49] Игрок: Olga Счет: 0
[14.03.2022 12:48:49] Игрок: Anna Счет: 1
[14.03.2022 15:56:39] Игрок: Olga Счет: 0
[14.03.2022 15:56:39] Игрок: Anna Счет: 1
[14.03.2022 16:04:20] Игрок: Olga Счет: 0
[14.03.2022 16:04:20] Игрок: Anna Счет: 1
[14.03.2022 16:27:08] Игрок: Olga Счет: 0
[14.03.2022 16:27:08] Игрок: Anna Счет: 1
[14.03.2022 16:31:24] Игрок: Igor Счет: 0
[14.03.2022 16:31:24] Игрок: Anna Счет: 1
[14.03.2022 16:50:03] Игрок: Olga Счет: 0
[14.03.2022 16:50:03] Игрок: Anna Счет: 1
[14.03.2022 17:26:11] Игрок: Анна Счет: 1
[14.03.2022 17:26:11] Игрок: Ольга Счет: 0
[14.03.2022 17:27:16] Игрок: Olya Счет: 0
[14.03.2022 17:27:16] Игрок: Anna Счет: 1
[14.03.2022 18:18:44] Игрок: Petr Счет: 0
[14.03.2022 18:18:44] Игрок: Anna Счет: 1
[14.03.2022 18:20:14] Игрок: Petr Счет: 1
[14.03.2022 18:20:14] Игрок: Anna Счет: 0
[14.03.2022 18:31:55] Игрок: Slavik Счет: 1
[14.03.2022 18:31:55] Игрок: Anuta Счет: 0
[14.03.2022 18:33:15] Игрок: Slavik Счет: 0
[14.03.2022 18:33:15] Игрок: Anuta Счет: 1
[14.03.2022 19:17:02] Игрок: Oleg Счет: 1
[14.03.2022 19:17:02] Игрок: Sergey Счет: 0
